-------------------------------------------------------------------------------
Test set: tests.telecomunications.positive.MobilePhoneReplenishmentTest
-------------------------------------------------------------------------------
Tests run: 2, Failures: 0, Errors: 1, Skipped: 0, Time elapsed: 29.332 s <<< FAILURE! - in tests.telecomunications.positive.MobilePhoneReplenishmentTest
checkMinimumReplanishmentAmount  Time elapsed: 16.836 s  <<< ERROR!
org.openqa.selenium.NoSuchElementException: 
Unable to locate element: //span[@data-qa-node='details']
For documentation on this error, please visit: https://www.seleniumhq.org/exceptions/no_such_element.html
Build info: version: '3.141.59', revision: 'e82be7d358', time: '2018-11-14T08:17:03'
System info: host: 'KHMELEVOY-D', ip: '192.168.56.1', os.name: 'Windows 7', os.arch: 'x86', os.version: '6.1', java.version: '1.8.0_144'
Driver info: org.openqa.selenium.firefox.FirefoxDriver
Capabilities {acceptInsecureCerts: true, browserName: firefox, browserVersion: 94.0.1, javascriptEnabled: true, moz:accessibilityChecks: false, moz:buildID: 20211103134640, moz:geckodriverVersion: 0.27.0, moz:headless: false, moz:processID: 10548, moz:profile: C:\Users\User\AppData\Local..., moz:shutdownTimeout: 60000, moz:useNonSpecCompliantPointerOrigin: false, moz:webdriverClick: true, pageLoadStrategy: normal, platform: WINDOWS, platformName: WINDOWS, platformVersion: 6.1, proxy: Proxy(), setWindowRect: true, strictFileInteractability: false, timeouts: {implicit: 0, pageLoad: 300000, script: 30000}, unhandledPromptBehavior: dismiss and notify}
Session ID: f1941ecb-fa44-4fa7-8748-e3d580ef3137
*** Element info: {Using=xpath, value=//span[@data-qa-node='details']}
	at tests.telecomunications.positive.MobilePhoneReplenishmentTest.checkMinimumReplanishmentAmount(MobilePhoneReplenishmentTest.java:31)

